<html xmlns:math="http://exslt.org/math" xmlns:testng="http://testng.org">
   <head>
      <title>TestNG Results</title>
      <meta http-equiv="content-type" content="text/html; charset=utf-8"></meta>
      <meta http-equiv="pragma" content="no-cache"></meta>
      <meta http-equiv="cache-control" content="max-age=0"></meta>
      <meta http-equiv="cache-control" content="no-cache"></meta>
      <meta http-equiv="cache-control" content="no-store"></meta>
      <LINK rel="stylesheet" href="style.css"></LINK>
      <script type="text/javascript" src="main.js"></script>
   </head>
   <body>
      <table width="100%" style="font-size: 16px; margin-bottom: 10px;" cellspacing="1">
         <tr>
            <td width="100%">
               All methods in suite
               
               <b>mysuite</b>
            </td>
            <td style="background-color: #FFBBBB; padding: 3px 3px 3px 0;" align="center">
               <div style="width: 50px;">0</div>
            </td>
            <td style="background-color: lightgreen; padding: 3px 3px 3px 0;" align="center">
               <div style="width: 50px;">2</div>
            </td>
            <td style="background-color: #FFFFBB; padding: 3px 3px 3px 0;" align="center">
               <div style="width: 50px;">2</div>
            </td>
            <td align="center" style="background-color: #eaf0f7; padding: 3px 3px 3px 0;">
               <div style="width: 50px;">4</div>
            </td>
            <td align="center"
                style="font-weight: bold; background-color: #eaf0f7; padding: 3px 3px 3px 0;">
               <div style="width: 50px;">50%</div>
            </td>
            <td style="background-color: #eaf0f7; padding: 3px 3px 3px 0;" align="center"
                nowrap="true">51s
               
            </td>
         </tr>
      </table>
      <div style="width: 200px;">
         <label for="groupMethodsCheckBox" style="font-weight: bold; margin: 0;">
            <input id="groupMethodsCheckBox" type="checkbox" onclick="switchTestMethodsView(this)"></input>
            Group by class
            
         </label>
         <br></br>
         <label for="methodsFilter_ALL" style="font-weight: bold; margin: 0;">
            <input id="methodsFilter_ALL" type="checkbox"
                   onclick="testMethodsFilterChanged(this, 'ALL')"></input>
            All
            
         </label>
      </div>
      <label for="methodsFilter_FAIL" style="margin-left: 20px;">
         <input id="methodsFilter_FAIL" type="checkbox"
                onclick="testMethodsFilterChanged(this, 'FAIL')"
                checked=""></input>
         Failed
         
      </label>
      <label for="methodsFilter_PASS">
         <input id="methodsFilter_PASS" type="checkbox"
                onclick="testMethodsFilterChanged(this, 'PASS')"
                checked=""></input>
         Passed
         
      </label>
      <label for="methodsFilter_SKIP">
         <input id="methodsFilter_SKIP" type="checkbox"
                onclick="testMethodsFilterChanged(this, 'SKIP')"
                checked=""></input>
         Skipped
         
      </label>
      <label for="methodsFilter_CONF">
         <input id="methodsFilter_CONF" type="checkbox"
                onclick="testMethodsFilterChanged(this, 'CONF')"></input>
         Config
         
      </label>
      <br></br>
      <div id="testMethodsByStatus">
         <table class="testMethodsTable" cellpadding="0" cellspacing="0">
            <tr class="methodsTableHeader">
               <td width="100%">Name</td>
               <td nowrap="true">Started</td>
               <td nowrap="true">Duration</td>
               <td>Exception</td>
            </tr>
            <tr id="com.core.mysuite.TestCaseExecutor_initializations_byStatus_passed_PASS1_row"
                class="testMethodStatusPASS testMethodStatusCONF">
               <td width="100%" class="firstMethodCell">
                  <a onclick="toggleDetailsVisibility('com.core.mysuite.TestCaseExecutor_initializations_byStatus_passed_PASS1_details')">initializations()</a>
               </td>
               <td nowrap="true">20:30:52</td>
               <td nowrap="true" align="right">578 ms
                  
               </td>
               <td nowrap="true">
                   
                  
               </td>
            </tr>
            <tr>
               <td colspan="4" class="detailsBox">
                  <div id="com.core.mysuite.TestCaseExecutor_initializations_byStatus_passed_PASS1_details"
                       class="testMethodDetails">
                     <div>
                        <b>Name: </b>initializations
                     </div>
                     <div>
                        <b>Signature: </b>initializations()[pri:0, instance:com.core.mysuite.TestCaseExecutor@76c4db49]
                     </div>
                     <div>
                        <b>Start time: </b>20:30:52
                     </div>
                     <div>
                        <b>End time: </b>20:30:53
                     </div>
                     <div>
                        <b>Duration: </b>578 ms
                        
                     </div>
                  </div>
               </td>
            </tr>
            <tr></tr>
            <tr id="com.core.mysuite.TestCaseExecutor_testCases_byStatus_passed_PASS2_row"
                class="testMethodStatusPASS">
               <td width="100%" class="firstMethodCell">
                  <a onclick="toggleDetailsVisibility('com.core.mysuite.TestCaseExecutor_testCases_byStatus_passed_PASS2_details')">testCases(TC_001
                     
                     ,
                     
                     Login Test Case
                     
                     ,
                     
                     Y)
                  </a>
               </td>
               <td nowrap="true">20:30:53</td>
               <td nowrap="true" align="right">36s
                  
               </td>
               <td nowrap="true">
                   
                  
               </td>
            </tr>
            <tr>
               <td colspan="4" class="detailsBox">
                  <div id="com.core.mysuite.TestCaseExecutor_testCases_byStatus_passed_PASS2_details"
                       class="testMethodDetails">
                     <div>
                        <b>Name: </b>testCases
                     </div>
                     <div>
                        <b>Signature: </b>testCases(java.lang.String, java.lang.String, java.lang.String)[pri:0, instance:com.core.mysuite.TestCaseExecutor@76c4db49]
                     </div>
                     <div>
                        <b>Parameters: </b>
                        
                        TC_001
                        
                        ,
                        
                        Login Test Case
                        
                        ,
                        
                        Y
                        
                        
                     </div>
                     <div>
                        <b>Start time: </b>20:30:53
                     </div>
                     <div>
                        <b>End time: </b>20:31:30
                     </div>
                     <div>
                        <b>Duration: </b>36s
                        
                     </div>
                  </div>
               </td>
            </tr>
            <tr></tr>
            <tr id="com.core.mysuite.TestCaseExecutor_testCases_byStatus_passed_PASS3_row"
                class="testMethodStatusPASS">
               <td width="100%" class="firstMethodCell">
                  <a onclick="toggleDetailsVisibility('com.core.mysuite.TestCaseExecutor_testCases_byStatus_passed_PASS3_details')">testCases(TC_002
                     
                     ,
                     
                     
                     
                     ,
                     
                     Y)
                  </a>
               </td>
               <td nowrap="true">20:31:30</td>
               <td nowrap="true" align="right">14s
                  
               </td>
               <td nowrap="true">
                   
                  
               </td>
            </tr>
            <tr>
               <td colspan="4" class="detailsBox">
                  <div id="com.core.mysuite.TestCaseExecutor_testCases_byStatus_passed_PASS3_details"
                       class="testMethodDetails">
                     <div>
                        <b>Name: </b>testCases
                     </div>
                     <div>
                        <b>Signature: </b>testCases(java.lang.String, java.lang.String, java.lang.String)[pri:0, instance:com.core.mysuite.TestCaseExecutor@76c4db49]
                     </div>
                     <div>
                        <b>Parameters: </b>
                        
                        TC_002
                        
                        ,
                        
                        
                        
                        ,
                        
                        Y
                        
                        
                     </div>
                     <div>
                        <b>Start time: </b>20:31:30
                     </div>
                     <div>
                        <b>End time: </b>20:31:44
                     </div>
                     <div>
                        <b>Duration: </b>14s
                        
                     </div>
                  </div>
               </td>
            </tr>
            <tr></tr>
            <tr id="com.core.mysuite.TestCaseExecutor_testCases_byStatus_skiped_SKIP1_row"
                class="testMethodStatusSKIP">
               <td width="100%" class="firstMethodCell">
                  <a onclick="toggleDetailsVisibility('com.core.mysuite.TestCaseExecutor_testCases_byStatus_skiped_SKIP1_details')">testCases(TC_003
                     
                     ,
                     
                     
                     
                     ,
                     
                     N)
                  </a>
               </td>
               <td nowrap="true">20:31:44</td>
               <td nowrap="true" align="right">11 ms
                  
               </td>
               <td nowrap="true">
                  <a onclick="toggleDetailsVisibility('com.core.mysuite.TestCaseExecutor_testCases_byStatus_skiped_SKIP1_exception')">org.testng.SkipException: 
                     Test case skipped as mode set to NO
                     
                  </a>
                   
                  
               </td>
            </tr>
            <tr>
               <td colspan="4" class="detailsBox">
                  <div id="com.core.mysuite.TestCaseExecutor_testCases_byStatus_skiped_SKIP1_details"
                       class="testMethodDetails">
                     <div>
                        <b>Name: </b>testCases
                     </div>
                     <div>
                        <b>Signature: </b>testCases(java.lang.String, java.lang.String, java.lang.String)[pri:0, instance:com.core.mysuite.TestCaseExecutor@76c4db49]
                     </div>
                     <div>
                        <b>Parameters: </b>
                        
                        TC_003
                        
                        ,
                        
                        
                        
                        ,
                        
                        N
                        
                        
                     </div>
                     <div>
                        <b>Start time: </b>20:31:44
                     </div>
                     <div>
                        <b>End time: </b>20:31:44
                     </div>
                     <div>
                        <b>Duration: </b>11 ms
                        
                     </div>
                  </div>
               </td>
            </tr>
            <tr>
               <td colspan="4" class="detailsBox">
                  <div id="com.core.mysuite.TestCaseExecutor_testCases_byStatus_skiped_SKIP1_exception"
                       class="testMethodDetails">
                     <pre style="padding: 5px; margin: 0;">org.testng.SkipException: Test case skipped as mode set to NO
                        	at com.core.mysuite.TestCaseExecutor.testCases(TestCaseExecutor.java:16)
                        	at sun.reflect.NativeMethodAccessorImpl.invoke0(Native Method)
                        	at sun.reflect.NativeMethodAccessorImpl.invoke(NativeMethodAccessorImpl.java:57)
                        	at sun.reflect.DelegatingMethodAccessorImpl.invoke(DelegatingMethodAccessorImpl.java:43)
                        	at java.lang.reflect.Method.invoke(Method.java:606)
                        	at org.testng.internal.MethodInvocationHelper.invokeMethod(MethodInvocationHelper.java:85)
                        	at org.testng.internal.Invoker.invokeMethod(Invoker.java:639)
                        	at org.testng.internal.Invoker.invokeTestMethod(Invoker.java:816)
                        	at org.testng.internal.Invoker.invokeTestMethods(Invoker.java:1124)
                        	at org.testng.internal.TestMethodWorker.invokeTestMethods(TestMethodWorker.java:125)
                        	at org.testng.internal.TestMethodWorker.run(TestMethodWorker.java:108)
                        	at org.testng.TestRunner.privateRun(TestRunner.java:774)
                        	at org.testng.TestRunner.run(TestRunner.java:624)
                        	at org.testng.SuiteRunner.runTest(SuiteRunner.java:359)
                        	at org.testng.SuiteRunner.runSequentially(SuiteRunner.java:354)
                        	at org.testng.SuiteRunner.privateRun(SuiteRunner.java:312)
                        	at org.testng.SuiteRunner.run(SuiteRunner.java:261)
                        	at org.testng.SuiteRunnerWorker.runSuite(SuiteRunnerWorker.java:52)
                        	at org.testng.SuiteRunnerWorker.run(SuiteRunnerWorker.java:86)
                        	at org.testng.TestNG.runSuitesSequentially(TestNG.java:1215)
                        	at org.testng.TestNG.runSuitesLocally(TestNG.java:1140)
                        	at org.testng.TestNG.run(TestNG.java:1048)
                        	at org.testng.remote.AbstractRemoteTestNG.run(AbstractRemoteTestNG.java:132)
                        	at org.testng.remote.RemoteTestNG.initAndRun(RemoteTestNG.java:236)
                        	at org.testng.remote.RemoteTestNG.main(RemoteTestNG.java:81)
                     </pre>
                  </div>
               </td>
            </tr>
            <tr id="com.core.mysuite.TestCaseExecutor_testCases_byStatus_skiped_SKIP2_row"
                class="testMethodStatusSKIP">
               <td width="100%" class="firstMethodCell">
                  <a onclick="toggleDetailsVisibility('com.core.mysuite.TestCaseExecutor_testCases_byStatus_skiped_SKIP2_details')">testCases(TC_004
                     
                     ,
                     
                     
                     
                     ,
                     
                     N)
                  </a>
               </td>
               <td nowrap="true">20:31:44</td>
               <td nowrap="true" align="right">10 ms
                  
               </td>
               <td nowrap="true">
                  <a onclick="toggleDetailsVisibility('com.core.mysuite.TestCaseExecutor_testCases_byStatus_skiped_SKIP2_exception')">org.testng.SkipException: 
                     Test case skipped as mode set to NO
                     
                  </a>
                   
                  
               </td>
            </tr>
            <tr>
               <td colspan="4" class="detailsBox">
                  <div id="com.core.mysuite.TestCaseExecutor_testCases_byStatus_skiped_SKIP2_details"
                       class="testMethodDetails">
                     <div>
                        <b>Name: </b>testCases
                     </div>
                     <div>
                        <b>Signature: </b>testCases(java.lang.String, java.lang.String, java.lang.String)[pri:0, instance:com.core.mysuite.TestCaseExecutor@76c4db49]
                     </div>
                     <div>
                        <b>Parameters: </b>
                        
                        TC_004
                        
                        ,
                        
                        
                        
                        ,
                        
                        N
                        
                        
                     </div>
                     <div>
                        <b>Start time: </b>20:31:44
                     </div>
                     <div>
                        <b>End time: </b>20:31:44
                     </div>
                     <div>
                        <b>Duration: </b>10 ms
                        
                     </div>
                  </div>
               </td>
            </tr>
            <tr>
               <td colspan="4" class="detailsBox">
                  <div id="com.core.mysuite.TestCaseExecutor_testCases_byStatus_skiped_SKIP2_exception"
                       class="testMethodDetails">
                     <pre style="padding: 5px; margin: 0;">org.testng.SkipException: Test case skipped as mode set to NO
                        	at com.core.mysuite.TestCaseExecutor.testCases(TestCaseExecutor.java:16)
                        	at sun.reflect.NativeMethodAccessorImpl.invoke0(Native Method)
                        	at sun.reflect.NativeMethodAccessorImpl.invoke(NativeMethodAccessorImpl.java:57)
                        	at sun.reflect.DelegatingMethodAccessorImpl.invoke(DelegatingMethodAccessorImpl.java:43)
                        	at java.lang.reflect.Method.invoke(Method.java:606)
                        	at org.testng.internal.MethodInvocationHelper.invokeMethod(MethodInvocationHelper.java:85)
                        	at org.testng.internal.Invoker.invokeMethod(Invoker.java:639)
                        	at org.testng.internal.Invoker.invokeTestMethod(Invoker.java:816)
                        	at org.testng.internal.Invoker.invokeTestMethods(Invoker.java:1124)
                        	at org.testng.internal.TestMethodWorker.invokeTestMethods(TestMethodWorker.java:125)
                        	at org.testng.internal.TestMethodWorker.run(TestMethodWorker.java:108)
                        	at org.testng.TestRunner.privateRun(TestRunner.java:774)
                        	at org.testng.TestRunner.run(TestRunner.java:624)
                        	at org.testng.SuiteRunner.runTest(SuiteRunner.java:359)
                        	at org.testng.SuiteRunner.runSequentially(SuiteRunner.java:354)
                        	at org.testng.SuiteRunner.privateRun(SuiteRunner.java:312)
                        	at org.testng.SuiteRunner.run(SuiteRunner.java:261)
                        	at org.testng.SuiteRunnerWorker.runSuite(SuiteRunnerWorker.java:52)
                        	at org.testng.SuiteRunnerWorker.run(SuiteRunnerWorker.java:86)
                        	at org.testng.TestNG.runSuitesSequentially(TestNG.java:1215)
                        	at org.testng.TestNG.runSuitesLocally(TestNG.java:1140)
                        	at org.testng.TestNG.run(TestNG.java:1048)
                        	at org.testng.remote.AbstractRemoteTestNG.run(AbstractRemoteTestNG.java:132)
                        	at org.testng.remote.RemoteTestNG.initAndRun(RemoteTestNG.java:236)
                        	at org.testng.remote.RemoteTestNG.main(RemoteTestNG.java:81)
                     </pre>
                  </div>
               </td>
            </tr>
         </table>
      </div>
      <div id="testMethodsByClass" style="display: none;">
         <table class="testMethodsTable" cellpadding="0" cellspacing="0">
            <tr>
               <td colspan="4">
                  <h3 style="display: inline;">com.core.mysuite.TestCaseExecutor</h3>
               </td>
            </tr>
            <tr class="methodsTableHeader">
               <td width="100%">Name</td>
               <td nowrap="true">Started</td>
               <td nowrap="true">Duration</td>
               <td>Exception</td>
            </tr>
            <tr id="com.core.mysuite.TestCaseExecutor_initializations_byClass_PASS1_row"
                class="testMethodStatusPASS testMethodStatusCONF">
               <td width="100%" class="firstMethodCell">
                  <a onclick="toggleDetailsVisibility('com.core.mysuite.TestCaseExecutor_initializations_byClass_PASS1_details')">initializations()</a>
               </td>
               <td nowrap="true">20:30:52</td>
               <td nowrap="true" align="right">578 ms
                  
               </td>
               <td nowrap="true">
                   
                  
               </td>
            </tr>
            <tr>
               <td colspan="4" class="detailsBox">
                  <div id="com.core.mysuite.TestCaseExecutor_initializations_byClass_PASS1_details"
                       class="testMethodDetails">
                     <div>
                        <b>Name: </b>initializations
                     </div>
                     <div>
                        <b>Signature: </b>initializations()[pri:0, instance:com.core.mysuite.TestCaseExecutor@76c4db49]
                     </div>
                     <div>
                        <b>Start time: </b>20:30:52
                     </div>
                     <div>
                        <b>End time: </b>20:30:53
                     </div>
                     <div>
                        <b>Duration: </b>578 ms
                        
                     </div>
                  </div>
               </td>
            </tr>
            <tr></tr>
            <tr id="com.core.mysuite.TestCaseExecutor_testCases_byClass_PASS2_row"
                class="testMethodStatusPASS">
               <td width="100%" class="firstMethodCell">
                  <a onclick="toggleDetailsVisibility('com.core.mysuite.TestCaseExecutor_testCases_byClass_PASS2_details')">testCases(TC_001
                     
                     ,
                     
                     Login Test Case
                     
                     ,
                     
                     Y)
                  </a>
               </td>
               <td nowrap="true">20:30:53</td>
               <td nowrap="true" align="right">36s
                  
               </td>
               <td nowrap="true">
                   
                  
               </td>
            </tr>
            <tr>
               <td colspan="4" class="detailsBox">
                  <div id="com.core.mysuite.TestCaseExecutor_testCases_byClass_PASS2_details"
                       class="testMethodDetails">
                     <div>
                        <b>Name: </b>testCases
                     </div>
                     <div>
                        <b>Signature: </b>testCases(java.lang.String, java.lang.String, java.lang.String)[pri:0, instance:com.core.mysuite.TestCaseExecutor@76c4db49]
                     </div>
                     <div>
                        <b>Parameters: </b>
                        
                        TC_001
                        
                        ,
                        
                        Login Test Case
                        
                        ,
                        
                        Y
                        
                        
                     </div>
                     <div>
                        <b>Start time: </b>20:30:53
                     </div>
                     <div>
                        <b>End time: </b>20:31:30
                     </div>
                     <div>
                        <b>Duration: </b>36s
                        
                     </div>
                  </div>
               </td>
            </tr>
            <tr></tr>
            <tr id="com.core.mysuite.TestCaseExecutor_testCases_byClass_PASS3_row"
                class="testMethodStatusPASS">
               <td width="100%" class="firstMethodCell">
                  <a onclick="toggleDetailsVisibility('com.core.mysuite.TestCaseExecutor_testCases_byClass_PASS3_details')">testCases(TC_002
                     
                     ,
                     
                     
                     
                     ,
                     
                     Y)
                  </a>
               </td>
               <td nowrap="true">20:31:30</td>
               <td nowrap="true" align="right">14s
                  
               </td>
               <td nowrap="true">
                   
                  
               </td>
            </tr>
            <tr>
               <td colspan="4" class="detailsBox">
                  <div id="com.core.mysuite.TestCaseExecutor_testCases_byClass_PASS3_details"
                       class="testMethodDetails">
                     <div>
                        <b>Name: </b>testCases
                     </div>
                     <div>
                        <b>Signature: </b>testCases(java.lang.String, java.lang.String, java.lang.String)[pri:0, instance:com.core.mysuite.TestCaseExecutor@76c4db49]
                     </div>
                     <div>
                        <b>Parameters: </b>
                        
                        TC_002
                        
                        ,
                        
                        
                        
                        ,
                        
                        Y
                        
                        
                     </div>
                     <div>
                        <b>Start time: </b>20:31:30
                     </div>
                     <div>
                        <b>End time: </b>20:31:44
                     </div>
                     <div>
                        <b>Duration: </b>14s
                        
                     </div>
                  </div>
               </td>
            </tr>
            <tr></tr>
            <tr id="com.core.mysuite.TestCaseExecutor_testCases_byClass_SKIP4_row"
                class="testMethodStatusSKIP">
               <td width="100%" class="firstMethodCell">
                  <a onclick="toggleDetailsVisibility('com.core.mysuite.TestCaseExecutor_testCases_byClass_SKIP4_details')">testCases(TC_003
                     
                     ,
                     
                     
                     
                     ,
                     
                     N)
                  </a>
               </td>
               <td nowrap="true">20:31:44</td>
               <td nowrap="true" align="right">11 ms
                  
               </td>
               <td nowrap="true">
                  <a onclick="toggleDetailsVisibility('com.core.mysuite.TestCaseExecutor_testCases_byClass_SKIP4_exception')">org.testng.SkipException: 
                     Test case skipped as mode set to NO
                     
                  </a>
                   
                  
               </td>
            </tr>
            <tr>
               <td colspan="4" class="detailsBox">
                  <div id="com.core.mysuite.TestCaseExecutor_testCases_byClass_SKIP4_details"
                       class="testMethodDetails">
                     <div>
                        <b>Name: </b>testCases
                     </div>
                     <div>
                        <b>Signature: </b>testCases(java.lang.String, java.lang.String, java.lang.String)[pri:0, instance:com.core.mysuite.TestCaseExecutor@76c4db49]
                     </div>
                     <div>
                        <b>Parameters: </b>
                        
                        TC_003
                        
                        ,
                        
                        
                        
                        ,
                        
                        N
                        
                        
                     </div>
                     <div>
                        <b>Start time: </b>20:31:44
                     </div>
                     <div>
                        <b>End time: </b>20:31:44
                     </div>
                     <div>
                        <b>Duration: </b>11 ms
                        
                     </div>
                  </div>
               </td>
            </tr>
            <tr>
               <td colspan="4" class="detailsBox">
                  <div id="com.core.mysuite.TestCaseExecutor_testCases_byClass_SKIP4_exception"
                       class="testMethodDetails">
                     <pre style="padding: 5px; margin: 0;">org.testng.SkipException: Test case skipped as mode set to NO
                        	at com.core.mysuite.TestCaseExecutor.testCases(TestCaseExecutor.java:16)
                        	at sun.reflect.NativeMethodAccessorImpl.invoke0(Native Method)
                        	at sun.reflect.NativeMethodAccessorImpl.invoke(NativeMethodAccessorImpl.java:57)
                        	at sun.reflect.DelegatingMethodAccessorImpl.invoke(DelegatingMethodAccessorImpl.java:43)
                        	at java.lang.reflect.Method.invoke(Method.java:606)
                        	at org.testng.internal.MethodInvocationHelper.invokeMethod(MethodInvocationHelper.java:85)
                        	at org.testng.internal.Invoker.invokeMethod(Invoker.java:639)
                        	at org.testng.internal.Invoker.invokeTestMethod(Invoker.java:816)
                        	at org.testng.internal.Invoker.invokeTestMethods(Invoker.java:1124)
                        	at org.testng.internal.TestMethodWorker.invokeTestMethods(TestMethodWorker.java:125)
                        	at org.testng.internal.TestMethodWorker.run(TestMethodWorker.java:108)
                        	at org.testng.TestRunner.privateRun(TestRunner.java:774)
                        	at org.testng.TestRunner.run(TestRunner.java:624)
                        	at org.testng.SuiteRunner.runTest(SuiteRunner.java:359)
                        	at org.testng.SuiteRunner.runSequentially(SuiteRunner.java:354)
                        	at org.testng.SuiteRunner.privateRun(SuiteRunner.java:312)
                        	at org.testng.SuiteRunner.run(SuiteRunner.java:261)
                        	at org.testng.SuiteRunnerWorker.runSuite(SuiteRunnerWorker.java:52)
                        	at org.testng.SuiteRunnerWorker.run(SuiteRunnerWorker.java:86)
                        	at org.testng.TestNG.runSuitesSequentially(TestNG.java:1215)
                        	at org.testng.TestNG.runSuitesLocally(TestNG.java:1140)
                        	at org.testng.TestNG.run(TestNG.java:1048)
                        	at org.testng.remote.AbstractRemoteTestNG.run(AbstractRemoteTestNG.java:132)
                        	at org.testng.remote.RemoteTestNG.initAndRun(RemoteTestNG.java:236)
                        	at org.testng.remote.RemoteTestNG.main(RemoteTestNG.java:81)
                     </pre>
                  </div>
               </td>
            </tr>
            <tr id="com.core.mysuite.TestCaseExecutor_testCases_byClass_SKIP5_row"
                class="testMethodStatusSKIP">
               <td width="100%" class="firstMethodCell">
                  <a onclick="toggleDetailsVisibility('com.core.mysuite.TestCaseExecutor_testCases_byClass_SKIP5_details')">testCases(TC_004
                     
                     ,
                     
                     
                     
                     ,
                     
                     N)
                  </a>
               </td>
               <td nowrap="true">20:31:44</td>
               <td nowrap="true" align="right">10 ms
                  
               </td>
               <td nowrap="true">
                  <a onclick="toggleDetailsVisibility('com.core.mysuite.TestCaseExecutor_testCases_byClass_SKIP5_exception')">org.testng.SkipException: 
                     Test case skipped as mode set to NO
                     
                  </a>
                   
                  
               </td>
            </tr>
            <tr>
               <td colspan="4" class="detailsBox">
                  <div id="com.core.mysuite.TestCaseExecutor_testCases_byClass_SKIP5_details"
                       class="testMethodDetails">
                     <div>
                        <b>Name: </b>testCases
                     </div>
                     <div>
                        <b>Signature: </b>testCases(java.lang.String, java.lang.String, java.lang.String)[pri:0, instance:com.core.mysuite.TestCaseExecutor@76c4db49]
                     </div>
                     <div>
                        <b>Parameters: </b>
                        
                        TC_004
                        
                        ,
                        
                        
                        
                        ,
                        
                        N
                        
                        
                     </div>
                     <div>
                        <b>Start time: </b>20:31:44
                     </div>
                     <div>
                        <b>End time: </b>20:31:44
                     </div>
                     <div>
                        <b>Duration: </b>10 ms
                        
                     </div>
                  </div>
               </td>
            </tr>
            <tr>
               <td colspan="4" class="detailsBox">
                  <div id="com.core.mysuite.TestCaseExecutor_testCases_byClass_SKIP5_exception"
                       class="testMethodDetails">
                     <pre style="padding: 5px; margin: 0;">org.testng.SkipException: Test case skipped as mode set to NO
                        	at com.core.mysuite.TestCaseExecutor.testCases(TestCaseExecutor.java:16)
                        	at sun.reflect.NativeMethodAccessorImpl.invoke0(Native Method)
                        	at sun.reflect.NativeMethodAccessorImpl.invoke(NativeMethodAccessorImpl.java:57)
                        	at sun.reflect.DelegatingMethodAccessorImpl.invoke(DelegatingMethodAccessorImpl.java:43)
                        	at java.lang.reflect.Method.invoke(Method.java:606)
                        	at org.testng.internal.MethodInvocationHelper.invokeMethod(MethodInvocationHelper.java:85)
                        	at org.testng.internal.Invoker.invokeMethod(Invoker.java:639)
                        	at org.testng.internal.Invoker.invokeTestMethod(Invoker.java:816)
                        	at org.testng.internal.Invoker.invokeTestMethods(Invoker.java:1124)
                        	at org.testng.internal.TestMethodWorker.invokeTestMethods(TestMethodWorker.java:125)
                        	at org.testng.internal.TestMethodWorker.run(TestMethodWorker.java:108)
                        	at org.testng.TestRunner.privateRun(TestRunner.java:774)
                        	at org.testng.TestRunner.run(TestRunner.java:624)
                        	at org.testng.SuiteRunner.runTest(SuiteRunner.java:359)
                        	at org.testng.SuiteRunner.runSequentially(SuiteRunner.java:354)
                        	at org.testng.SuiteRunner.privateRun(SuiteRunner.java:312)
                        	at org.testng.SuiteRunner.run(SuiteRunner.java:261)
                        	at org.testng.SuiteRunnerWorker.runSuite(SuiteRunnerWorker.java:52)
                        	at org.testng.SuiteRunnerWorker.run(SuiteRunnerWorker.java:86)
                        	at org.testng.TestNG.runSuitesSequentially(TestNG.java:1215)
                        	at org.testng.TestNG.runSuitesLocally(TestNG.java:1140)
                        	at org.testng.TestNG.run(TestNG.java:1048)
                        	at org.testng.remote.AbstractRemoteTestNG.run(AbstractRemoteTestNG.java:132)
                        	at org.testng.remote.RemoteTestNG.initAndRun(RemoteTestNG.java:236)
                        	at org.testng.remote.RemoteTestNG.main(RemoteTestNG.java:81)
                     </pre>
                  </div>
               </td>
            </tr>
         </table>
         <br></br>
      </div>
      <div style="margin-top: 15px; color: gray; text-align: center; font-size: 9px;">
         Generated with
         
         <a href="http://code.google.com/p/testng-xslt/" style="color: #8888aa;"
            target="_blank">
            TestNG XSLT
            
         </a>
      </div>
   </body>
</html>