<?xml version="1.0" encoding="UTF-8"?>
<testng-results skipped="2" failed="0" total="4" passed="2">
  <reporter-output>
  </reporter-output>
  <suite name="mysuite" duration-ms="51457" started-at="2016-12-03T15:00:53Z" finished-at="2016-12-03T15:01:44Z">
    <groups>
    </groups>
    <test name="Selenium TestNG - 1" duration-ms="51457" started-at="2016-12-03T15:00:53Z" finished-at="2016-12-03T15:01:44Z">
      <class name="com.core.mysuite.TestCaseExecutor">
        <test-method status="PASS" signature="initializations()[pri:0, instance:com.core.mysuite.TestCaseExecutor@76c4db49]" name="initializations" is-config="true" duration-ms="578" started-at="2016-12-03T20:30:52Z" finished-at="2016-12-03T20:30:53Z">
          <reporter-output>
          </reporter-output>
        </test-method> <!-- initializations -->
        <test-method status="PASS" signature="testCases(java.lang.String, java.lang.String, java.lang.String)[pri:0, instance:com.core.mysuite.TestCaseExecutor@76c4db49]" name="testCases" duration-ms="36753" started-at="2016-12-03T20:30:53Z" data-provider="getData" finished-at="2016-12-03T20:31:30Z">
          <params>
            <param index="0">
              <value>
                <![CDATA[TC_001]]>
              </value>
            </param>
            <param index="1">
              <value>
                <![CDATA[Login Test Case]]>
              </value>
            </param>
            <param index="2">
              <value>
                <![CDATA[Y]]>
              </value>
            </param>
          </params>
          <reporter-output>
          </reporter-output>
        </test-method> <!-- testCases -->
        <test-method status="PASS" signature="testCases(java.lang.String, java.lang.String, java.lang.String)[pri:0, instance:com.core.mysuite.TestCaseExecutor@76c4db49]" name="testCases" duration-ms="14475" started-at="2016-12-03T20:31:30Z" data-provider="getData" finished-at="2016-12-03T20:31:44Z">
          <params>
            <param index="0">
              <value>
                <![CDATA[TC_002]]>
              </value>
            </param>
            <param index="1">
              <value>
                <![CDATA[]]>
              </value>
            </param>
            <param index="2">
              <value>
                <![CDATA[Y]]>
              </value>
            </param>
          </params>
          <reporter-output>
          </reporter-output>
        </test-method> <!-- testCases -->
        <test-method status="SKIP" signature="testCases(java.lang.String, java.lang.String, java.lang.String)[pri:0, instance:com.core.mysuite.TestCaseExecutor@76c4db49]" name="testCases" duration-ms="11" started-at="2016-12-03T20:31:44Z" data-provider="getData" finished-at="2016-12-03T20:31:44Z">
          <params>
            <param index="0">
              <value>
                <![CDATA[TC_003]]>
              </value>
            </param>
            <param index="1">
              <value>
                <![CDATA[]]>
              </value>
            </param>
            <param index="2">
              <value>
                <![CDATA[N]]>
              </value>
            </param>
          </params>
          <exception class="org.testng.SkipException">
            <message>
              <![CDATA[Test case skipped as mode set to NO]]>
            </message>
            <full-stacktrace>
              <![CDATA[org.testng.SkipException: Test case skipped as mode set to NO
	at com.core.mysuite.TestCaseExecutor.testCases(TestCaseExecutor.java:16)
	at sun.reflect.NativeMethodAccessorImpl.invoke0(Native Method)
	at sun.reflect.NativeMethodAccessorImpl.invoke(NativeMethodAccessorImpl.java:57)
	at sun.reflect.DelegatingMethodAccessorImpl.invoke(DelegatingMethodAccessorImpl.java:43)
	at java.lang.reflect.Method.invoke(Method.java:606)
	at org.testng.internal.MethodInvocationHelper.invokeMethod(MethodInvocationHelper.java:85)
	at org.testng.internal.Invoker.invokeMethod(Invoker.java:639)
	at org.testng.internal.Invoker.invokeTestMethod(Invoker.java:816)
	at org.testng.internal.Invoker.invokeTestMethods(Invoker.java:1124)
	at org.testng.internal.TestMethodWorker.invokeTestMethods(TestMethodWorker.java:125)
	at org.testng.internal.TestMethodWorker.run(TestMethodWorker.java:108)
	at org.testng.TestRunner.privateRun(TestRunner.java:774)
	at org.testng.TestRunner.run(TestRunner.java:624)
	at org.testng.SuiteRunner.runTest(SuiteRunner.java:359)
	at org.testng.SuiteRunner.runSequentially(SuiteRunner.java:354)
	at org.testng.SuiteRunner.privateRun(SuiteRunner.java:312)
	at org.testng.SuiteRunner.run(SuiteRunner.java:261)
	at org.testng.SuiteRunnerWorker.runSuite(SuiteRunnerWorker.java:52)
	at org.testng.SuiteRunnerWorker.run(SuiteRunnerWorker.java:86)
	at org.testng.TestNG.runSuitesSequentially(TestNG.java:1215)
	at org.testng.TestNG.runSuitesLocally(TestNG.java:1140)
	at org.testng.TestNG.run(TestNG.java:1048)
	at org.testng.remote.AbstractRemoteTestNG.run(AbstractRemoteTestNG.java:132)
	at org.testng.remote.RemoteTestNG.initAndRun(RemoteTestNG.java:236)
	at org.testng.remote.RemoteTestNG.main(RemoteTestNG.java:81)
]]>
            </full-stacktrace>
          </exception> <!-- org.testng.SkipException -->
          <reporter-output>
          </reporter-output>
        </test-method> <!-- testCases -->
        <test-method status="SKIP" signature="testCases(java.lang.String, java.lang.String, java.lang.String)[pri:0, instance:com.core.mysuite.TestCaseExecutor@76c4db49]" name="testCases" duration-ms="10" started-at="2016-12-03T20:31:44Z" data-provider="getData" finished-at="2016-12-03T20:31:44Z">
          <params>
            <param index="0">
              <value>
                <![CDATA[TC_004]]>
              </value>
            </param>
            <param index="1">
              <value>
                <![CDATA[]]>
              </value>
            </param>
            <param index="2">
              <value>
                <![CDATA[N]]>
              </value>
            </param>
          </params>
          <exception class="org.testng.SkipException">
            <message>
              <![CDATA[Test case skipped as mode set to NO]]>
            </message>
            <full-stacktrace>
              <![CDATA[org.testng.SkipException: Test case skipped as mode set to NO
	at com.core.mysuite.TestCaseExecutor.testCases(TestCaseExecutor.java:16)
	at sun.reflect.NativeMethodAccessorImpl.invoke0(Native Method)
	at sun.reflect.NativeMethodAccessorImpl.invoke(NativeMethodAccessorImpl.java:57)
	at sun.reflect.DelegatingMethodAccessorImpl.invoke(DelegatingMethodAccessorImpl.java:43)
	at java.lang.reflect.Method.invoke(Method.java:606)
	at org.testng.internal.MethodInvocationHelper.invokeMethod(MethodInvocationHelper.java:85)
	at org.testng.internal.Invoker.invokeMethod(Invoker.java:639)
	at org.testng.internal.Invoker.invokeTestMethod(Invoker.java:816)
	at org.testng.internal.Invoker.invokeTestMethods(Invoker.java:1124)
	at org.testng.internal.TestMethodWorker.invokeTestMethods(TestMethodWorker.java:125)
	at org.testng.internal.TestMethodWorker.run(TestMethodWorker.java:108)
	at org.testng.TestRunner.privateRun(TestRunner.java:774)
	at org.testng.TestRunner.run(TestRunner.java:624)
	at org.testng.SuiteRunner.runTest(SuiteRunner.java:359)
	at org.testng.SuiteRunner.runSequentially(SuiteRunner.java:354)
	at org.testng.SuiteRunner.privateRun(SuiteRunner.java:312)
	at org.testng.SuiteRunner.run(SuiteRunner.java:261)
	at org.testng.SuiteRunnerWorker.runSuite(SuiteRunnerWorker.java:52)
	at org.testng.SuiteRunnerWorker.run(SuiteRunnerWorker.java:86)
	at org.testng.TestNG.runSuitesSequentially(TestNG.java:1215)
	at org.testng.TestNG.runSuitesLocally(TestNG.java:1140)
	at org.testng.TestNG.run(TestNG.java:1048)
	at org.testng.remote.AbstractRemoteTestNG.run(AbstractRemoteTestNG.java:132)
	at org.testng.remote.RemoteTestNG.initAndRun(RemoteTestNG.java:236)
	at org.testng.remote.RemoteTestNG.main(RemoteTestNG.java:81)
]]>
            </full-stacktrace>
          </exception> <!-- org.testng.SkipException -->
          <reporter-output>
          </reporter-output>
        </test-method> <!-- testCases -->
      </class> <!-- com.core.mysuite.TestCaseExecutor -->
    </test> <!-- Selenium TestNG - 1 -->
  </suite> <!-- mysuite -->
</testng-results>
